# JRE version: Java(TM) SE Runtime Environment 18.9 (11.0.9+7) (build 11.0.9+7-LTS)
# Java VM: Java HotSpot(TM) 64-Bit Server VM 18.9 (11.0.9+7-LTS, mixed mode, tiered, compressed oops, g1 gc, windows-amd64)
Heap:
 garbage-first heap   total 251904K, used 47869K [0x000000070a000000, 0x0000000800000000)
  region size 1024K, 42 young (43008K), 4 survivors (4096K)
 Metaspace       used 27151K, capacity 27761K, committed 27952K, reserved 1073152K
  class space    used 3042K, capacity 3305K, committed 3376K, reserved 1048576K
GC Heap History (6 events):
Event: 0.737 GC heap before
{Heap before GC invocations=0 (full 0):
 garbage-first heap   total 251904K, used 25600K [0x000000070a000000, 0x0000000800000000)
  region size 1024K, 24 young (24576K), 0 survivors (0K)
 Metaspace       used 10795K, capacity 11054K, committed 11392K, reserved 1058816K
  class space    used 1020K, capacity 1066K, committed 1152K, reserved 1048576K
}
Event: 0.741 GC heap after
{Heap after GC invocations=1 (full 0):
 garbage-first heap   total 251904K, used 7263K [0x000000070a000000, 0x0000000800000000)
  region size 1024K, 3 young (3072K), 3 survivors (3072K)
 Metaspace       used 10795K, capacity 11054K, committed 11392K, reserved 1058816K
  class space    used 1020K, capacity 1066K, committed 1152K, reserved 1048576K
}
Event: 1.519 GC heap before
{Heap before GC invocations=1 (full 0):
 garbage-first heap   total 251904K, used 66655K [0x000000070a000000, 0x0000000800000000)
  region size 1024K, 62 young (63488K), 3 survivors (3072K)
 Metaspace       used 20736K, capacity 21147K, committed 21296K, reserved 1069056K
  class space    used 2170K, capacity 2312K, committed 2352K, reserved 1048576K
}
Event: 1.526 GC heap after
{Heap after GC invocations=2 (full 0):
 garbage-first heap   total 251904K, used 9280K [0x000000070a000000, 0x0000000800000000)
  region size 1024K, 5 young (5120K), 5 survivors (5120K)
 Metaspace       used 20736K, capacity 21147K, committed 21296K, reserved 1069056K
  class space    used 2170K, capacity 2312K, committed 2352K, reserved 1048576K
}
Event: 1.970 GC heap before
{Heap before GC invocations=3 (full 0):
 garbage-first heap   total 251904K, used 70720K [0x000000070a000000, 0x0000000800000000)
  region size 1024K, 66 young (67584K), 5 survivors (5120K)
 Metaspace       used 26006K, capacity 26619K, committed 26800K, reserved 1073152K
  class space    used 2938K, capacity 3185K, committed 3248K, reserved 1048576K
}
Event: 1.975 GC heap after
{Heap after GC invocations=4 (full 0):
 garbage-first heap   total 251904K, used 11005K [0x000000070a000000, 0x0000000800000000)
  region size 1024K, 4 young (4096K), 4 survivors (4096K)
 Metaspace       used 26006K, capacity 26619K, committed 26800K, reserved 1073152K
  class space    used 2938K, capacity 3185K, committed 3248K, reserved 1048576K
}

